[2026-01-20 00:37:24] [INFO] [experiment] Starting training
[2026-01-20 00:37:24] [INFO] [experiment] Using device: mps
[2026-01-20 00:37:24] [INFO] [experiment] Loading features from data/processed/features/compliant
[2026-01-20 00:37:24] [INFO] [src.training.dataset] Found 7 target_points.parquet files in data/processed/features/compliant
[2026-01-20 00:37:25] [INFO] [src.training.dataset] Combined 3636 total rows from 7 files, 7 unique neighborhoods
[2026-01-20 00:37:25] [INFO] [src.training.dataset] Created splits: Train=1844 rows (4 neighborhoods), Val=308 rows (1 neighborhoods), Test=1484 rows (2 neighborhoods)
[2026-01-20 00:37:25] [INFO] [experiment] Calculating class weights from training dataset...
[2026-01-20 00:37:25] [INFO] [experiment] Class counts: [487, 60, 478, 208, 27, 64, 479, 41]
[2026-01-20 00:37:25] [INFO] [experiment] Class weights (before damping): [3.786447525024414, 30.733333587646484, 3.857740640640259, 8.865385055541992, 68.29629516601562, 28.8125, 3.849686861038208, 44.975608825683594]
[2026-01-20 00:37:25] [INFO] [experiment] Class weights (after sqrt damping and capping at 3.0): [1.945879578590393, 3.0, 1.9641132354736328, 2.9774796962738037, 3.0, 3.0, 1.962061882019043, 3.0]
[2026-01-20 00:37:25] [INFO] [experiment] Data augmentation enabled: feature_noise (p=0.8, std=0.01), neighbor_subsampling (p=0.5, ratio=0.8), edge_noise (p=0.3, std=0.02)
[2026-01-20 00:37:25] [INFO] [experiment] Computing true class distribution from training dataset...
[2026-01-20 00:37:27] [INFO] [experiment] True distribution: ['0.1571', '0.0913', '0.1712', '0.1383', '0.0718', '0.0792', '0.1926', '0.0985']
[2026-01-20 00:37:27] [INFO] [experiment] Created datasets: Train=1844, Val=308, Test=1484
[2026-01-20 00:37:27] [INFO] [src.training.model] Created SpatialGraphTransformer: 47,752 parameters
[2026-01-20 00:37:27] [INFO] [experiment] Loss function: label_smoothing=0.0, class_weights capped at 3.0, entropy_weight=0.5, min_entropy=0.5, entropy_penalty_type=linear, maxsup_weight=0.0, maxsup_threshold=0.0
[2026-01-20 00:37:27] [INFO] [experiment] Optimizer: using separate weight decay - base=0.001, final_layer=0.011
[2026-01-20 00:37:27] [INFO] [experiment] Initialized prediction distribution file: /Users/maayanchen/Code/University/AI4SI_Project/experiments/overnight_runs/combo_2_all_reductions/run/prediction_distributions.json
[2026-01-20 00:37:27] [INFO] [experiment] Starting training loop
[2026-01-20 00:38:14] [INFO] [experiment] Epoch 1/30 (46.63s): train_loss=0.7140, train_top1=0.0146, train_top3=0.8308, val_loss=0.5257, val_kl=0.2399, val_top1=0.0260, val_top3=0.8994
[2026-01-20 00:38:37] [INFO] [experiment] Computing prediction distribution for epoch 1...
[2026-01-20 00:38:52] [INFO] [experiment] Epoch 1 prediction distribution: ['0.1046', '0.1464', '0.1650', '0.1078', '0.1835', '0.0636', '0.0853', '0.1438']
[2026-01-20 00:38:52] [INFO] [experiment] Updated prediction distributions to /Users/maayanchen/Code/University/AI4SI_Project/experiments/overnight_runs/combo_2_all_reductions/run/prediction_distributions.json
[2026-01-20 00:38:52] [INFO] [src.training.train] Saved checkpoint to models/checkpoints/graph_transformer_best.pt
[2026-01-20 00:38:52] [INFO] [experiment] New best validation loss: 0.5257 (patience counter reset to 0)
[2026-01-20 00:39:22] [INFO] [experiment] Epoch 2/30 (29.94s): train_loss=0.6608, train_top1=0.1936, train_top3=0.8400, val_loss=0.5257 (last), val_kl=N/A, val_top1=N/A, val_top3=N/A
[2026-01-20 00:39:52] [INFO] [experiment] Epoch 3/30 (29.93s): train_loss=0.6055, train_top1=0.2706, train_top3=0.8921, val_loss=0.5257 (last), val_kl=N/A, val_top1=N/A, val_top3=N/A
[2026-01-20 00:40:22] [INFO] [experiment] Epoch 4/30 (30.94s): train_loss=0.5548, train_top1=0.2581, train_top3=0.9154, val_loss=0.5257 (last), val_kl=N/A, val_top1=N/A, val_top3=N/A
[2026-01-20 00:41:07] [INFO] [experiment] Epoch 5/30 (44.56s): train_loss=0.5055, train_top1=0.2576, train_top3=0.9669, val_loss=0.3908, val_kl=0.1734, val_top1=0.0455, val_top3=0.9610
[2026-01-20 00:41:30] [INFO] [experiment] Computing prediction distribution for epoch 5...
[2026-01-20 00:41:44] [INFO] [experiment] Epoch 5 prediction distribution: ['0.1650', '0.1176', '0.1629', '0.1303', '0.1105', '0.0635', '0.1617', '0.0885']
[2026-01-20 00:41:44] [INFO] [experiment] Updated prediction distributions to /Users/maayanchen/Code/University/AI4SI_Project/experiments/overnight_runs/combo_2_all_reductions/run/prediction_distributions.json
[2026-01-20 00:41:44] [INFO] [src.training.train] Saved checkpoint to models/checkpoints/graph_transformer_best.pt
[2026-01-20 00:41:44] [INFO] [experiment] New best validation loss: 0.3908 (patience counter reset to 0)
[2026-01-20 00:42:12] [INFO] [experiment] Epoch 6/30 (28.14s): train_loss=0.4694, train_top1=0.2554, train_top3=0.9848, val_loss=0.3908 (last), val_kl=N/A, val_top1=N/A, val_top3=N/A
[2026-01-20 00:42:40] [INFO] [experiment] Epoch 7/30 (27.84s): train_loss=0.4446, train_top1=0.2636, train_top3=0.9854, val_loss=0.3908 (last), val_kl=N/A, val_top1=N/A, val_top3=N/A
[2026-01-20 00:43:08] [INFO] [experiment] Epoch 8/30 (27.87s): train_loss=0.4318, train_top1=0.2554, train_top3=0.9881, val_loss=0.3908 (last), val_kl=N/A, val_top1=N/A, val_top3=N/A
[2026-01-20 00:43:37] [INFO] [experiment] Epoch 9/30 (28.92s): train_loss=0.4204, train_top1=0.2516, train_top3=0.9892, val_loss=0.3908 (last), val_kl=N/A, val_top1=N/A, val_top3=N/A
[2026-01-20 00:44:21] [INFO] [experiment] Epoch 10/30 (43.82s): train_loss=0.4173, train_top1=0.2646, train_top3=0.9881, val_loss=0.3937, val_kl=0.1729, val_top1=0.4156, val_top3=0.9610
[2026-01-20 00:44:43] [INFO] [experiment] Computing prediction distribution for epoch 10...
[2026-01-20 00:44:58] [INFO] [experiment] Epoch 10 prediction distribution: ['0.1769', '0.1088', '0.1403', '0.1287', '0.0874', '0.0775', '0.2009', '0.0795']
[2026-01-20 00:44:58] [INFO] [experiment] Updated prediction distributions to /Users/maayanchen/Code/University/AI4SI_Project/experiments/overnight_runs/combo_2_all_reductions/run/prediction_distributions.json
[2026-01-20 00:44:58] [INFO] [experiment] No improvement (val_loss: 0.3937 >= best: 0.3908 - 0.0005). Patience counter: 1/5
[2026-01-20 00:44:58] [INFO] [src.training.train] Saved checkpoint to models/checkpoints/graph_transformer_epoch_10.pt
[2026-01-20 00:45:26] [INFO] [experiment] Epoch 11/30 (28.70s): train_loss=0.4148, train_top1=0.2608, train_top3=0.9886, val_loss=0.3937 (last), val_kl=N/A, val_top1=N/A, val_top3=N/A
[2026-01-20 00:45:55] [INFO] [experiment] Epoch 12/30 (28.41s): train_loss=0.4126, train_top1=0.2630, train_top3=0.9973, val_loss=0.3937 (last), val_kl=N/A, val_top1=N/A, val_top3=N/A
[2026-01-20 00:46:22] [INFO] [experiment] Epoch 13/30 (27.35s): train_loss=0.4106, train_top1=0.2614, train_top3=0.9973, val_loss=0.3937 (last), val_kl=N/A, val_top1=N/A, val_top3=N/A
[2026-01-20 00:46:50] [INFO] [experiment] Epoch 14/30 (28.46s): train_loss=0.4106, train_top1=0.2636, train_top3=0.9973, val_loss=0.3937 (last), val_kl=N/A, val_top1=N/A, val_top3=N/A
[2026-01-20 00:47:34] [INFO] [experiment] Epoch 15/30 (43.61s): train_loss=0.4091, train_top1=0.2625, train_top3=0.9973, val_loss=0.3883, val_kl=0.1702, val_top1=0.4156, val_top3=0.9610
[2026-01-20 00:47:56] [INFO] [experiment] Computing prediction distribution for epoch 15...
[2026-01-20 00:48:10] [INFO] [experiment] Epoch 15 prediction distribution: ['0.1728', '0.1037', '0.1379', '0.1331', '0.0800', '0.0830', '0.2083', '0.0813']
[2026-01-20 00:48:10] [INFO] [experiment] Updated prediction distributions to /Users/maayanchen/Code/University/AI4SI_Project/experiments/overnight_runs/combo_2_all_reductions/run/prediction_distributions.json
[2026-01-20 00:48:10] [INFO] [src.training.train] Saved checkpoint to models/checkpoints/graph_transformer_best.pt
[2026-01-20 00:48:10] [INFO] [experiment] New best validation loss: 0.3883 (patience counter reset to 0)
[2026-01-20 00:48:38] [INFO] [experiment] Epoch 16/30 (27.53s): train_loss=0.4095, train_top1=0.2641, train_top3=0.9962, val_loss=0.3883 (last), val_kl=N/A, val_top1=N/A, val_top3=N/A
[2026-01-20 00:49:06] [INFO] [experiment] Epoch 17/30 (27.85s): train_loss=0.4091, train_top1=0.2630, train_top3=0.9962, val_loss=0.3883 (last), val_kl=N/A, val_top1=N/A, val_top3=N/A
[2026-01-20 00:49:35] [INFO] [experiment] Epoch 18/30 (29.00s): train_loss=0.4087, train_top1=0.2625, train_top3=0.9967, val_loss=0.3883 (last), val_kl=N/A, val_top1=N/A, val_top3=N/A
[2026-01-20 00:50:03] [INFO] [experiment] Epoch 19/30 (27.83s): train_loss=0.4088, train_top1=0.2592, train_top3=0.9951, val_loss=0.3883 (last), val_kl=N/A, val_top1=N/A, val_top3=N/A
[2026-01-20 00:50:46] [INFO] [experiment] Epoch 20/30 (43.22s): train_loss=0.4083, train_top1=0.2592, train_top3=0.9962, val_loss=0.3848, val_kl=0.1684, val_top1=0.4156, val_top3=0.9610
[2026-01-20 00:51:08] [INFO] [experiment] Computing prediction distribution for epoch 20...
[2026-01-20 00:51:22] [INFO] [experiment] Epoch 20 prediction distribution: ['0.1708', '0.0999', '0.1384', '0.1340', '0.0776', '0.0849', '0.2107', '0.0836']
[2026-01-20 00:51:22] [INFO] [experiment] Updated prediction distributions to /Users/maayanchen/Code/University/AI4SI_Project/experiments/overnight_runs/combo_2_all_reductions/run/prediction_distributions.json
[2026-01-20 00:51:23] [INFO] [src.training.train] Saved checkpoint to models/checkpoints/graph_transformer_best.pt
[2026-01-20 00:51:23] [INFO] [experiment] New best validation loss: 0.3848 (patience counter reset to 0)
[2026-01-20 00:51:23] [INFO] [src.training.train] Saved checkpoint to models/checkpoints/graph_transformer_epoch_20.pt
[2026-01-20 00:51:52] [INFO] [experiment] Epoch 21/30 (29.11s): train_loss=0.4081, train_top1=0.2598, train_top3=0.9962, val_loss=0.3848 (last), val_kl=N/A, val_top1=N/A, val_top3=N/A
[2026-01-20 00:52:19] [INFO] [experiment] Epoch 22/30 (27.10s): train_loss=0.4077, train_top1=0.2619, train_top3=0.9967, val_loss=0.3848 (last), val_kl=N/A, val_top1=N/A, val_top3=N/A
[2026-01-20 00:52:45] [INFO] [experiment] Epoch 23/30 (26.14s): train_loss=0.4072, train_top1=0.2625, train_top3=0.9978, val_loss=0.3848 (last), val_kl=N/A, val_top1=N/A, val_top3=N/A
[2026-01-20 00:53:13] [INFO] [experiment] Epoch 24/30 (28.24s): train_loss=0.4077, train_top1=0.2663, train_top3=0.9962, val_loss=0.3848 (last), val_kl=N/A, val_top1=N/A, val_top3=N/A
[2026-01-20 00:53:57] [INFO] [experiment] Epoch 25/30 (43.53s): train_loss=0.4073, train_top1=0.2619, train_top3=0.9967, val_loss=0.3861, val_kl=0.1688, val_top1=0.4156, val_top3=0.9610
[2026-01-20 00:54:19] [INFO] [experiment] Computing prediction distribution for epoch 25...
[2026-01-20 00:54:33] [INFO] [experiment] Epoch 25 prediction distribution: ['0.1705', '0.0968', '0.1381', '0.1355', '0.0767', '0.0863', '0.2116', '0.0844']
[2026-01-20 00:54:33] [INFO] [experiment] Updated prediction distributions to /Users/maayanchen/Code/University/AI4SI_Project/experiments/overnight_runs/combo_2_all_reductions/run/prediction_distributions.json
[2026-01-20 00:54:33] [INFO] [experiment] No improvement (val_loss: 0.3861 >= best: 0.3848 - 0.0005). Patience counter: 1/5
[2026-01-20 00:55:00] [INFO] [experiment] Epoch 26/30 (27.09s): train_loss=0.4070, train_top1=0.2614, train_top3=0.9967, val_loss=0.3861 (last), val_kl=N/A, val_top1=N/A, val_top3=N/A
[2026-01-20 00:55:28] [INFO] [experiment] Epoch 27/30 (27.38s): train_loss=0.4068, train_top1=0.2625, train_top3=0.9962, val_loss=0.3861 (last), val_kl=N/A, val_top1=N/A, val_top3=N/A
[2026-01-20 00:55:55] [INFO] [experiment] Epoch 28/30 (26.85s): train_loss=0.4071, train_top1=0.2641, train_top3=0.9967, val_loss=0.3861 (last), val_kl=N/A, val_top1=N/A, val_top3=N/A
[2026-01-20 00:56:22] [INFO] [experiment] Epoch 29/30 (27.68s): train_loss=0.4071, train_top1=0.2619, train_top3=0.9967, val_loss=0.3861 (last), val_kl=N/A, val_top1=N/A, val_top3=N/A
[2026-01-20 00:57:04] [INFO] [experiment] Epoch 30/30 (42.06s): train_loss=0.4071, train_top1=0.2625, train_top3=0.9984, val_loss=0.3802, val_kl=0.1661, val_top1=0.4156, val_top3=0.9610
[2026-01-20 00:57:27] [INFO] [experiment] Computing prediction distribution for epoch 30...
[2026-01-20 00:57:41] [INFO] [experiment] Epoch 30 prediction distribution: ['0.1670', '0.0961', '0.1414', '0.1352', '0.0760', '0.0862', '0.2131', '0.0850']
[2026-01-20 00:57:41] [INFO] [experiment] Updated prediction distributions to /Users/maayanchen/Code/University/AI4SI_Project/experiments/overnight_runs/combo_2_all_reductions/run/prediction_distributions.json
[2026-01-20 00:57:41] [INFO] [src.training.train] Saved checkpoint to models/checkpoints/graph_transformer_best.pt
[2026-01-20 00:57:41] [INFO] [experiment] New best validation loss: 0.3802 (patience counter reset to 0)
[2026-01-20 00:57:41] [INFO] [src.training.train] Saved checkpoint to models/checkpoints/graph_transformer_epoch_30.pt
[2026-01-20 00:57:41] [INFO] [experiment] Evaluating on test set and saving predictions...
[2026-01-20 00:58:03] [INFO] [experiment] Test metrics: loss=0.7475, kl=0.3365, top1=0.3484, top3=0.9791
[2026-01-20 00:58:28] [INFO] [src.evaluation.save_predictions] Saved 1484 predictions to /Users/maayanchen/Code/University/AI4SI_Project/experiments/overnight_runs/combo_2_all_reductions/run/test_predictions.csv
[2026-01-20 00:58:28] [INFO] [src.evaluation.save_predictions] Saved evaluation results to /Users/maayanchen/Code/University/AI4SI_Project/experiments/overnight_runs/combo_2_all_reductions/run/test_evaluation_results.json
[2026-01-20 00:58:28] [INFO] [experiment] Saved test predictions to /Users/maayanchen/Code/University/AI4SI_Project/experiments/overnight_runs/combo_2_all_reductions/run/test_predictions.csv
[2026-01-20 00:58:44] [INFO] [src.evaluation.save_predictions] Saved 308 predictions to /Users/maayanchen/Code/University/AI4SI_Project/experiments/overnight_runs/combo_2_all_reductions/run/val_predictions.csv
[2026-01-20 00:58:44] [INFO] [experiment] Saved validation predictions to /Users/maayanchen/Code/University/AI4SI_Project/experiments/overnight_runs/combo_2_all_reductions/run/val_predictions.csv
[2026-01-20 00:58:44] [INFO] [experiment] Generating training plots...
[2026-01-20 00:58:44] [INFO] [src.evaluation.plotting] Saved training curves to /Users/maayanchen/Code/University/AI4SI_Project/experiments/overnight_runs/combo_2_all_reductions/run/plots/training_training_curves.png
[2026-01-20 00:58:44] [INFO] [src.evaluation.plotting] Saved loss comparison to /Users/maayanchen/Code/University/AI4SI_Project/experiments/overnight_runs/combo_2_all_reductions/run/plots/training_loss_comparison.png
[2026-01-20 00:58:45] [INFO] [src.evaluation.plotting] Saved accuracy curves to /Users/maayanchen/Code/University/AI4SI_Project/experiments/overnight_runs/combo_2_all_reductions/run/plots/training_accuracy_curves.png
[2026-01-20 00:58:45] [INFO] [src.evaluation.plotting] Saved all training summary plots to /Users/maayanchen/Code/University/AI4SI_Project/experiments/overnight_runs/combo_2_all_reductions/run/plots
[2026-01-20 00:58:45] [INFO] [src.evaluation.plotting] Saved neighbor distribution to /Users/maayanchen/Code/University/AI4SI_Project/experiments/overnight_runs/combo_2_all_reductions/run/plots/neighbor_distribution.png
[2026-01-20 00:58:45] [INFO] [src.evaluation.plotting] Saved target probability distribution to /Users/maayanchen/Code/University/AI4SI_Project/experiments/overnight_runs/combo_2_all_reductions/run/plots/target_probability_distribution.png
[2026-01-20 00:58:45] [INFO] [experiment] Training complete
[2026-01-20 00:58:45] [INFO] [experiment] Best validation loss: 0.3802
[2026-01-20 00:58:45] [INFO] [experiment] Results saved to /Users/maayanchen/Code/University/AI4SI_Project/experiments/overnight_runs/combo_2_all_reductions/run
[2026-01-20 00:58:45] [INFO] [experiment] Plots saved to /Users/maayanchen/Code/University/AI4SI_Project/experiments/overnight_runs/combo_2_all_reductions/run/plots
