[2026-01-20 07:31:46] [INFO] [experiment] Starting training
[2026-01-20 07:31:46] [INFO] [experiment] Using device: mps
[2026-01-20 07:31:46] [INFO] [experiment] Loading features from data/processed/features/compliant
[2026-01-20 07:31:46] [INFO] [src.training.dataset] Found 7 target_points.parquet files in data/processed/features/compliant
[2026-01-20 07:31:47] [INFO] [src.training.dataset] Combined 3636 total rows from 7 files, 7 unique neighborhoods
[2026-01-20 07:31:47] [INFO] [src.training.dataset] Created splits: Train=1844 rows (4 neighborhoods), Val=308 rows (1 neighborhoods), Test=1484 rows (2 neighborhoods)
[2026-01-20 07:31:47] [INFO] [experiment] Calculating class weights from training dataset...
[2026-01-20 07:31:47] [INFO] [experiment] Class counts: [487, 60, 478, 208, 27, 64, 479, 41]
[2026-01-20 07:31:47] [INFO] [experiment] Class weights (before damping): [3.786447525024414, 30.733333587646484, 3.857740640640259, 8.865385055541992, 68.29629516601562, 28.8125, 3.849686861038208, 44.975608825683594]
[2026-01-20 07:31:47] [INFO] [experiment] Class weights (after sqrt damping and capping at 3.0): [1.945879578590393, 3.0, 1.9641132354736328, 2.9774796962738037, 3.0, 3.0, 1.962061882019043, 3.0]
[2026-01-20 07:31:47] [INFO] [experiment] Data augmentation enabled: feature_noise (p=0.8, std=0.01), neighbor_subsampling (p=0.5, ratio=0.8), edge_noise (p=0.3, std=0.02)
[2026-01-20 07:31:47] [INFO] [experiment] Computing true class distribution from training dataset...
[2026-01-20 07:31:49] [INFO] [experiment] True distribution: ['0.1571', '0.0913', '0.1712', '0.1383', '0.0718', '0.0792', '0.1926', '0.0985']
[2026-01-20 07:31:49] [INFO] [experiment] Created datasets: Train=1844, Val=308, Test=1484
[2026-01-20 07:31:49] [INFO] [src.training.model] Created SpatialGraphTransformer: 47,752 parameters
[2026-01-20 07:31:49] [INFO] [experiment] Loss function: label_smoothing=0.0, class_weights capped at 3.0, entropy_weight=0.0, min_entropy=1.5, entropy_penalty_type=linear, maxsup_weight=0.1, maxsup_threshold=0.0
[2026-01-20 07:31:49] [INFO] [experiment] Optimizer: using separate weight decay - base=0.001, final_layer=0.011
[2026-01-20 07:31:49] [INFO] [experiment] Initialized prediction distribution file: /Users/maayanchen/Code/University/AI4SI_Project/experiments/overnight_runs/combo_5_no_entropy_reg/run/prediction_distributions.json
[2026-01-20 07:31:49] [INFO] [experiment] Starting training loop
[2026-01-20 07:32:36] [INFO] [experiment] Epoch 1/30 (46.92s): train_loss=0.7388, train_top1=0.0163, train_top3=0.8308, val_loss=0.5566, val_kl=0.2410, val_top1=0.0260, val_top3=0.8409
[2026-01-20 07:33:00] [INFO] [experiment] Computing prediction distribution for epoch 1...
[2026-01-20 07:33:15] [INFO] [experiment] Epoch 1 prediction distribution: ['0.1031', '0.1456', '0.1677', '0.1091', '0.1787', '0.0656', '0.0825', '0.1476']
[2026-01-20 07:33:15] [INFO] [experiment] Updated prediction distributions to /Users/maayanchen/Code/University/AI4SI_Project/experiments/overnight_runs/combo_5_no_entropy_reg/run/prediction_distributions.json
[2026-01-20 07:33:15] [INFO] [src.training.train] Saved checkpoint to models/checkpoints/graph_transformer_best.pt
[2026-01-20 07:33:15] [INFO] [experiment] New best validation loss: 0.5566 (patience counter reset to 0)
[2026-01-20 07:33:45] [INFO] [experiment] Epoch 2/30 (30.40s): train_loss=0.6811, train_top1=0.2034, train_top3=0.8400, val_loss=0.5566 (last), val_kl=N/A, val_top1=N/A, val_top3=N/A
[2026-01-20 07:34:15] [INFO] [experiment] Epoch 3/30 (30.29s): train_loss=0.6339, train_top1=0.2706, train_top3=0.8796, val_loss=0.5566 (last), val_kl=N/A, val_top1=N/A, val_top3=N/A
[2026-01-20 07:34:46] [INFO] [experiment] Epoch 4/30 (31.00s): train_loss=0.5852, train_top1=0.2576, train_top3=0.8997, val_loss=0.5566 (last), val_kl=N/A, val_top1=N/A, val_top3=N/A
[2026-01-20 07:35:30] [INFO] [experiment] Epoch 5/30 (43.98s): train_loss=0.5324, train_top1=0.2576, train_top3=0.9642, val_loss=0.3981, val_kl=0.1769, val_top1=0.0455, val_top3=0.9610
[2026-01-20 07:35:53] [INFO] [experiment] Computing prediction distribution for epoch 5...
[2026-01-20 07:36:08] [INFO] [experiment] Epoch 5 prediction distribution: ['0.1573', '0.1219', '0.1466', '0.1372', '0.1238', '0.0665', '0.1502', '0.0965']
[2026-01-20 07:36:08] [INFO] [experiment] Updated prediction distributions to /Users/maayanchen/Code/University/AI4SI_Project/experiments/overnight_runs/combo_5_no_entropy_reg/run/prediction_distributions.json
[2026-01-20 07:36:08] [INFO] [src.training.train] Saved checkpoint to models/checkpoints/graph_transformer_best.pt
[2026-01-20 07:36:08] [INFO] [experiment] New best validation loss: 0.3981 (patience counter reset to 0)
[2026-01-20 07:36:37] [INFO] [experiment] Epoch 6/30 (28.65s): train_loss=0.4899, train_top1=0.2489, train_top3=0.9713, val_loss=0.3981 (last), val_kl=N/A, val_top1=N/A, val_top3=N/A
[2026-01-20 07:37:06] [INFO] [experiment] Epoch 7/30 (28.72s): train_loss=0.4610, train_top1=0.2462, train_top3=0.9778, val_loss=0.3981 (last), val_kl=N/A, val_top1=N/A, val_top3=N/A
[2026-01-20 07:37:34] [INFO] [experiment] Epoch 8/30 (28.05s): train_loss=0.4453, train_top1=0.2240, train_top3=0.9837, val_loss=0.3981 (last), val_kl=N/A, val_top1=N/A, val_top3=N/A
[2026-01-20 07:38:02] [INFO] [experiment] Epoch 9/30 (28.54s): train_loss=0.4335, train_top1=0.2402, train_top3=0.9892, val_loss=0.3981 (last), val_kl=N/A, val_top1=N/A, val_top3=N/A
[2026-01-20 07:38:46] [INFO] [experiment] Epoch 10/30 (43.49s): train_loss=0.4298, train_top1=0.2386, train_top3=0.9881, val_loss=0.4210, val_kl=0.1740, val_top1=0.4156, val_top3=0.9610
[2026-01-20 07:39:08] [INFO] [experiment] Computing prediction distribution for epoch 10...
[2026-01-20 07:39:22] [INFO] [experiment] Epoch 10 prediction distribution: ['0.1756', '0.1130', '0.1306', '0.1336', '0.0930', '0.0804', '0.1894', '0.0843']
[2026-01-20 07:39:22] [INFO] [experiment] Updated prediction distributions to /Users/maayanchen/Code/University/AI4SI_Project/experiments/overnight_runs/combo_5_no_entropy_reg/run/prediction_distributions.json
[2026-01-20 07:39:22] [INFO] [experiment] No improvement (val_loss: 0.4210 >= best: 0.3981 - 0.0005). Patience counter: 1/5
[2026-01-20 07:39:22] [INFO] [src.training.train] Saved checkpoint to models/checkpoints/graph_transformer_epoch_10.pt
[2026-01-20 07:39:50] [INFO] [experiment] Epoch 11/30 (27.61s): train_loss=0.4274, train_top1=0.2332, train_top3=0.9875, val_loss=0.4210 (last), val_kl=N/A, val_top1=N/A, val_top3=N/A
[2026-01-20 07:40:18] [INFO] [experiment] Epoch 12/30 (27.61s): train_loss=0.4252, train_top1=0.2305, train_top3=0.9946, val_loss=0.4210 (last), val_kl=N/A, val_top1=N/A, val_top3=N/A
[2026-01-20 07:40:45] [INFO] [experiment] Epoch 13/30 (27.01s): train_loss=0.4235, train_top1=0.2451, train_top3=0.9973, val_loss=0.4210 (last), val_kl=N/A, val_top1=N/A, val_top3=N/A
[2026-01-20 07:41:13] [INFO] [experiment] Epoch 14/30 (27.90s): train_loss=0.4239, train_top1=0.2299, train_top3=0.9973, val_loss=0.4210 (last), val_kl=N/A, val_top1=N/A, val_top3=N/A
[2026-01-20 07:41:56] [INFO] [experiment] Epoch 15/30 (43.25s): train_loss=0.4225, train_top1=0.2478, train_top3=0.9973, val_loss=0.4181, val_kl=0.1726, val_top1=0.4156, val_top3=0.9610
[2026-01-20 07:42:18] [INFO] [experiment] Computing prediction distribution for epoch 15...
[2026-01-20 07:42:32] [INFO] [experiment] Epoch 15 prediction distribution: ['0.1747', '0.1074', '0.1330', '0.1374', '0.0848', '0.0876', '0.1893', '0.0858']
[2026-01-20 07:42:32] [INFO] [experiment] Updated prediction distributions to /Users/maayanchen/Code/University/AI4SI_Project/experiments/overnight_runs/combo_5_no_entropy_reg/run/prediction_distributions.json
[2026-01-20 07:42:32] [INFO] [experiment] No improvement (val_loss: 0.4181 >= best: 0.3981 - 0.0005). Patience counter: 2/5
[2026-01-20 07:43:01] [INFO] [experiment] Epoch 16/30 (28.57s): train_loss=0.4229, train_top1=0.2419, train_top3=0.9978, val_loss=0.4181 (last), val_kl=N/A, val_top1=N/A, val_top3=N/A
[2026-01-20 07:43:29] [INFO] [experiment] Epoch 17/30 (28.19s): train_loss=0.4224, train_top1=0.2505, train_top3=0.9978, val_loss=0.4181 (last), val_kl=N/A, val_top1=N/A, val_top3=N/A
[2026-01-20 07:43:57] [INFO] [experiment] Epoch 18/30 (28.35s): train_loss=0.4224, train_top1=0.2430, train_top3=0.9978, val_loss=0.4181 (last), val_kl=N/A, val_top1=N/A, val_top3=N/A
[2026-01-20 07:44:24] [INFO] [experiment] Epoch 19/30 (26.76s): train_loss=0.4226, train_top1=0.2348, train_top3=0.9973, val_loss=0.4181 (last), val_kl=N/A, val_top1=N/A, val_top3=N/A
[2026-01-20 07:45:06] [INFO] [experiment] Epoch 20/30 (41.86s): train_loss=0.4220, train_top1=0.2326, train_top3=0.9978, val_loss=0.4143, val_kl=0.1717, val_top1=0.4156, val_top3=0.9610
[2026-01-20 07:45:28] [INFO] [experiment] Computing prediction distribution for epoch 20...
[2026-01-20 07:45:42] [INFO] [experiment] Epoch 20 prediction distribution: ['0.1738', '0.1037', '0.1351', '0.1378', '0.0832', '0.0910', '0.1876', '0.0878']
[2026-01-20 07:45:42] [INFO] [experiment] Updated prediction distributions to /Users/maayanchen/Code/University/AI4SI_Project/experiments/overnight_runs/combo_5_no_entropy_reg/run/prediction_distributions.json
[2026-01-20 07:45:42] [INFO] [experiment] No improvement (val_loss: 0.4143 >= best: 0.3981 - 0.0005). Patience counter: 3/5
[2026-01-20 07:45:42] [INFO] [src.training.train] Saved checkpoint to models/checkpoints/graph_transformer_epoch_20.pt
[2026-01-20 07:46:11] [INFO] [experiment] Epoch 21/30 (28.81s): train_loss=0.4219, train_top1=0.2462, train_top3=0.9973, val_loss=0.4143 (last), val_kl=N/A, val_top1=N/A, val_top3=N/A
[2026-01-20 07:46:38] [INFO] [experiment] Epoch 22/30 (27.13s): train_loss=0.4216, train_top1=0.2446, train_top3=0.9973, val_loss=0.4143 (last), val_kl=N/A, val_top1=N/A, val_top3=N/A
[2026-01-20 07:47:05] [INFO] [experiment] Epoch 23/30 (26.30s): train_loss=0.4213, train_top1=0.2484, train_top3=0.9984, val_loss=0.4143 (last), val_kl=N/A, val_top1=N/A, val_top3=N/A
[2026-01-20 07:47:32] [INFO] [experiment] Epoch 24/30 (27.72s): train_loss=0.4217, train_top1=0.2603, train_top3=0.9973, val_loss=0.4143 (last), val_kl=N/A, val_top1=N/A, val_top3=N/A
[2026-01-20 07:48:15] [INFO] [experiment] Epoch 25/30 (43.04s): train_loss=0.4212, train_top1=0.2457, train_top3=0.9978, val_loss=0.4158, val_kl=0.1727, val_top1=0.4156, val_top3=0.9610
[2026-01-20 07:48:37] [INFO] [experiment] Computing prediction distribution for epoch 25...
[2026-01-20 07:48:52] [INFO] [experiment] Epoch 25 prediction distribution: ['0.1744', '0.1009', '0.1361', '0.1387', '0.0826', '0.0930', '0.1861', '0.0883']
[2026-01-20 07:48:52] [INFO] [experiment] Updated prediction distributions to /Users/maayanchen/Code/University/AI4SI_Project/experiments/overnight_runs/combo_5_no_entropy_reg/run/prediction_distributions.json
[2026-01-20 07:48:52] [INFO] [experiment] No improvement (val_loss: 0.4158 >= best: 0.3981 - 0.0005). Patience counter: 4/5
[2026-01-20 07:49:19] [INFO] [experiment] Epoch 26/30 (27.00s): train_loss=0.4211, train_top1=0.2489, train_top3=0.9973, val_loss=0.4158 (last), val_kl=N/A, val_top1=N/A, val_top3=N/A
[2026-01-20 07:49:46] [INFO] [experiment] Epoch 27/30 (27.54s): train_loss=0.4209, train_top1=0.2478, train_top3=0.9973, val_loss=0.4158 (last), val_kl=N/A, val_top1=N/A, val_top3=N/A
[2026-01-20 07:50:13] [INFO] [experiment] Epoch 28/30 (26.70s): train_loss=0.4209, train_top1=0.2565, train_top3=0.9973, val_loss=0.4158 (last), val_kl=N/A, val_top1=N/A, val_top3=N/A
[2026-01-20 07:50:41] [INFO] [experiment] Epoch 29/30 (27.72s): train_loss=0.4210, train_top1=0.2570, train_top3=0.9973, val_loss=0.4158 (last), val_kl=N/A, val_top1=N/A, val_top3=N/A
[2026-01-20 07:51:23] [INFO] [experiment] Epoch 30/30 (42.15s): train_loss=0.4212, train_top1=0.2505, train_top3=0.9984, val_loss=0.4112, val_kl=0.1705, val_top1=0.4156, val_top3=0.9610
[2026-01-20 07:51:45] [INFO] [experiment] Computing prediction distribution for epoch 30...
[2026-01-20 07:51:59] [INFO] [experiment] Epoch 30 prediction distribution: ['0.1720', '0.1006', '0.1387', '0.1385', '0.0822', '0.0931', '0.1863', '0.0886']
[2026-01-20 07:51:59] [INFO] [experiment] Updated prediction distributions to /Users/maayanchen/Code/University/AI4SI_Project/experiments/overnight_runs/combo_5_no_entropy_reg/run/prediction_distributions.json
[2026-01-20 07:51:59] [INFO] [experiment] No improvement (val_loss: 0.4112 >= best: 0.3981 - 0.0005). Patience counter: 5/5
[2026-01-20 07:51:59] [INFO] [src.training.train] Saved checkpoint to models/checkpoints/graph_transformer_epoch_30.pt
[2026-01-20 07:51:59] [INFO] [experiment] Early stopping triggered after 30 epochs (patience: 5 validation epochs without improvement)
[2026-01-20 07:51:59] [INFO] [experiment] Evaluating on test set and saving predictions...
[2026-01-20 07:52:21] [INFO] [experiment] Test metrics: loss=0.7759, kl=0.3464, top1=0.3484, top3=0.9791
[2026-01-20 07:52:46] [INFO] [src.evaluation.save_predictions] Saved 1484 predictions to /Users/maayanchen/Code/University/AI4SI_Project/experiments/overnight_runs/combo_5_no_entropy_reg/run/test_predictions.csv
[2026-01-20 07:52:46] [INFO] [src.evaluation.save_predictions] Saved evaluation results to /Users/maayanchen/Code/University/AI4SI_Project/experiments/overnight_runs/combo_5_no_entropy_reg/run/test_evaluation_results.json
[2026-01-20 07:52:46] [INFO] [experiment] Saved test predictions to /Users/maayanchen/Code/University/AI4SI_Project/experiments/overnight_runs/combo_5_no_entropy_reg/run/test_predictions.csv
[2026-01-20 07:53:02] [INFO] [src.evaluation.save_predictions] Saved 308 predictions to /Users/maayanchen/Code/University/AI4SI_Project/experiments/overnight_runs/combo_5_no_entropy_reg/run/val_predictions.csv
[2026-01-20 07:53:02] [INFO] [experiment] Saved validation predictions to /Users/maayanchen/Code/University/AI4SI_Project/experiments/overnight_runs/combo_5_no_entropy_reg/run/val_predictions.csv
[2026-01-20 07:53:02] [INFO] [experiment] Generating training plots...
[2026-01-20 07:53:03] [INFO] [src.evaluation.plotting] Saved training curves to /Users/maayanchen/Code/University/AI4SI_Project/experiments/overnight_runs/combo_5_no_entropy_reg/run/plots/training_training_curves.png
[2026-01-20 07:53:03] [INFO] [src.evaluation.plotting] Saved loss comparison to /Users/maayanchen/Code/University/AI4SI_Project/experiments/overnight_runs/combo_5_no_entropy_reg/run/plots/training_loss_comparison.png
[2026-01-20 07:53:03] [INFO] [src.evaluation.plotting] Saved accuracy curves to /Users/maayanchen/Code/University/AI4SI_Project/experiments/overnight_runs/combo_5_no_entropy_reg/run/plots/training_accuracy_curves.png
[2026-01-20 07:53:03] [INFO] [src.evaluation.plotting] Saved all training summary plots to /Users/maayanchen/Code/University/AI4SI_Project/experiments/overnight_runs/combo_5_no_entropy_reg/run/plots
[2026-01-20 07:53:03] [INFO] [src.evaluation.plotting] Saved neighbor distribution to /Users/maayanchen/Code/University/AI4SI_Project/experiments/overnight_runs/combo_5_no_entropy_reg/run/plots/neighbor_distribution.png
[2026-01-20 07:53:04] [INFO] [src.evaluation.plotting] Saved target probability distribution to /Users/maayanchen/Code/University/AI4SI_Project/experiments/overnight_runs/combo_5_no_entropy_reg/run/plots/target_probability_distribution.png
[2026-01-20 07:53:04] [INFO] [experiment] Training complete
[2026-01-20 07:53:04] [INFO] [experiment] Best validation loss: 0.3981
[2026-01-20 07:53:04] [INFO] [experiment] Results saved to /Users/maayanchen/Code/University/AI4SI_Project/experiments/overnight_runs/combo_5_no_entropy_reg/run
[2026-01-20 07:53:04] [INFO] [experiment] Plots saved to /Users/maayanchen/Code/University/AI4SI_Project/experiments/overnight_runs/combo_5_no_entropy_reg/run/plots
